2024-06-28 20:46:56.027 GMT [29]    LOG:  database system was shut down at 2024-06-28 20:46:49 GMT
2024-06-28 20:46:56.085 GMT [1]    LOG:  database system is ready to accept connections
2024-06-28 20:49:43.276 GMT [1]    LOG:  received fast shutdown request
2024-06-28 20:49:43.280 GMT [1]    LOG:  aborting any active transactions
2024-06-28 20:49:43.285 GMT [1]    LOG:  background worker "logical replication launcher" (PID 35) exited with exit code 1
2024-06-28 20:49:43.293 GMT [30]    LOG:  shutting down
2024-06-28 20:49:43.316 GMT [1]    LOG:  database system is shut down
2024-06-28 20:55:43.481 GMT [28]    LOG:  database system was shut down at 2024-06-28 20:49:43 GMT
2024-06-28 20:55:43.542 GMT [1]    LOG:  database system is ready to accept connections
2024-06-28 20:56:02.781 GMT [1]    LOG:  received fast shutdown request
2024-06-28 20:56:02.785 GMT [1]    LOG:  aborting any active transactions
2024-06-28 20:56:02.790 GMT [1]    LOG:  background worker "logical replication launcher" (PID 34) exited with exit code 1
2024-06-28 20:56:02.798 GMT [29]    LOG:  shutting down
2024-06-28 20:56:02.847 GMT [1]    LOG:  database system is shut down
2024-06-28 21:14:24.748 GMT [28]    LOG:  database system was shut down at 2024-06-28 21:14:21 GMT
2024-06-28 21:14:24.757 GMT [1]    LOG:  database system is ready to accept connections
2024-06-28 21:16:06.570 GMT [1]    LOG:  received fast shutdown request
2024-06-28 21:16:06.583 GMT [1]    LOG:  aborting any active transactions
2024-06-28 21:16:06.596 GMT [1]    LOG:  background worker "logical replication launcher" (PID 34) exited with exit code 1
2024-06-28 21:16:06.600 GMT [29]    LOG:  shutting down
2024-06-28 21:16:06.632 GMT [1]    LOG:  database system is shut down
2024-06-28 21:16:21.840 GMT [28]    LOG:  database system was shut down at 2024-06-28 21:16:06 GMT
2024-06-28 21:16:21.853 GMT [1]    LOG:  database system is ready to accept connections
2024-06-28 21:16:57.161 GMT [1]    LOG:  received fast shutdown request
2024-06-28 21:16:57.172 GMT [1]    LOG:  aborting any active transactions
2024-06-28 21:16:57.177 GMT [1]    LOG:  background worker "logical replication launcher" (PID 34) exited with exit code 1
2024-06-28 21:16:57.179 GMT [29]    LOG:  shutting down
2024-06-28 21:16:57.211 GMT [1]    LOG:  database system is shut down
